<?xml version="1.0" encoding="UTF-8"?>
<!-- Generated by org.testng.reporters.JUnitReportReporter -->
<testsuite hostname="DESKTOP-SMT4TF3" failures="0" tests="2" name="testClass.LoginTest" time="32.511" errors="1" timestamp="2025-07-28T16:36:53 IST" skipped="1">
  <testcase classname="testClass.LoginTest" name="setup" time="32.511">
    <error message="Could not start a new session. Response code 404. Message: The session identified by 52cd7fc8-00a1-4d5c-a77f-24d24dae1e97 is not known 
Host info: host: &#039;DESKTOP-SMT4TF3&#039;, ip: &#039;192.168.1.92&#039;
Build info: version: &#039;4.13.0&#039;, revision: &#039;ba948ece5b*&#039;
System info: os.name: &#039;Windows 11&#039;, os.arch: &#039;amd64&#039;, os.version: &#039;10.0&#039;, java.version: &#039;17.0.5&#039;
Driver info: io.appium.java_client.android.AndroidDriver
Command: [null, newSession {capabilities=[{appium:adbExecTimeout=60000, appium:appActivity=org.plasticbank.app.MainActivity, appium:appPackage=org.plasticbank.app, appium:appWaitActivity=*, appium:autoGrantPermissions=true, appium:automationName=UiAutomator2, appium:deviceName=Android Emulator, appium:newCommandTimeout=9000, platformName=ANDROID}], desiredCapabilities=Capabilities {adbExecTimeout: 60000, appActivity: org.plasticbank.app.MainAct..., appPackage: org.plasticbank.app, appWaitActivity: *, autoGrantPermissions: true, automationName: UiAutomator2, deviceName: Android Emulator, newCommandTimeout: 9000, platformName: ANDROID}}]
Capabilities {adbExecTimeout: 60000, appActivity: org.plasticbank.app.MainAct..., appPackage: org.plasticbank.app, appWaitActivity: *, autoGrantPermissions: true, automationName: UiAutomator2, deviceName: Android Emulator, newCommandTimeout: 9000, platformName: ANDROID}" type="org.openqa.selenium.SessionNotCreatedException">
      <![CDATA[org.openqa.selenium.SessionNotCreatedException: Could not start a new session. Response code 404. Message: The session identified by 52cd7fc8-00a1-4d5c-a77f-24d24dae1e97 is not known 
Host info: host: 'DESKTOP-SMT4TF3', ip: '192.168.1.92'
Build info: version: '4.13.0', revision: 'ba948ece5b*'
System info: os.name: 'Windows 11', os.arch: 'amd64', os.version: '10.0', java.version: '17.0.5'
Driver info: io.appium.java_client.android.AndroidDriver
Command: [null, newSession {capabilities=[{appium:adbExecTimeout=60000, appium:appActivity=org.plasticbank.app.MainActivity, appium:appPackage=org.plasticbank.app, appium:appWaitActivity=*, appium:autoGrantPermissions=true, appium:automationName=UiAutomator2, appium:deviceName=Android Emulator, appium:newCommandTimeout=9000, platformName=ANDROID}], desiredCapabilities=Capabilities {adbExecTimeout: 60000, appActivity: org.plasticbank.app.MainAct..., appPackage: org.plasticbank.app, appWaitActivity: *, autoGrantPermissions: true, automationName: UiAutomator2, deviceName: Android Emulator, newCommandTimeout: 9000, platformName: ANDROID}}]
Capabilities {adbExecTimeout: 60000, appActivity: org.plasticbank.app.MainAct..., appPackage: org.plasticbank.app, appWaitActivity: *, autoGrantPermissions: true, automationName: UiAutomator2, deviceName: Android Emulator, newCommandTimeout: 9000, platformName: ANDROID}
at org.openqa.selenium.remote.ProtocolHandshake.createSession(ProtocolHandshake.java:140)
at java.base/jdk.internal.reflect.NativeMethodAccessorImpl.invoke0(Native Method)
at java.base/jdk.internal.reflect.NativeMethodAccessorImpl.invoke(NativeMethodAccessorImpl.java:77)
at java.base/jdk.internal.reflect.DelegatingMethodAccessorImpl.invoke(DelegatingMethodAccessorImpl.java:43)
at java.base/java.lang.reflect.Method.invoke(Method.java:568)
at io.appium.java_client.remote.AppiumProtocolHandshake.createSession(AppiumProtocolHandshake.java:133)
at io.appium.java_client.remote.AppiumProtocolHandshake.createSession(AppiumProtocolHandshake.java:102)
at io.appium.java_client.remote.AppiumCommandExecutor.createSession(AppiumCommandExecutor.java:182)
at io.appium.java_client.remote.AppiumCommandExecutor.execute(AppiumCommandExecutor.java:250)
at org.openqa.selenium.remote.RemoteWebDriver.execute(RemoteWebDriver.java:602)
at io.appium.java_client.AppiumDriver.startSession(AppiumDriver.java:274)
at org.openqa.selenium.remote.RemoteWebDriver.<init>(RemoteWebDriver.java:163)
at io.appium.java_client.AppiumDriver.<init>(AppiumDriver.java:89)
at io.appium.java_client.AppiumDriver.<init>(AppiumDriver.java:101)
at io.appium.java_client.android.AndroidDriver.<init>(AndroidDriver.java:113)
at utilities.BaseClass.setup(BaseClass.java:199)
at java.base/jdk.internal.reflect.NativeMethodAccessorImpl.invoke0(Native Method)
at java.base/jdk.internal.reflect.NativeMethodAccessorImpl.invoke(NativeMethodAccessorImpl.java:77)
at java.base/jdk.internal.reflect.DelegatingMethodAccessorImpl.invoke(DelegatingMethodAccessorImpl.java:43)
at java.base/java.lang.reflect.Method.invoke(Method.java:568)
at org.testng.internal.invokers.MethodInvocationHelper.invokeMethod(MethodInvocationHelper.java:139)
at org.testng.internal.invokers.MethodInvocationHelper.invokeMethodConsideringTimeout(MethodInvocationHelper.java:69)
at org.testng.internal.invokers.ConfigInvoker.invokeConfigurationMethod(ConfigInvoker.java:390)
at org.testng.internal.invokers.ConfigInvoker.invokeConfigurations(ConfigInvoker.java:325)
at org.testng.internal.invokers.TestMethodWorker.invokeBeforeClassMethods(TestMethodWorker.java:180)
at org.testng.internal.invokers.TestMethodWorker.run(TestMethodWorker.java:122)
at java.base/java.util.ArrayList.forEach(ArrayList.java:1511)
at org.testng.TestRunner.privateRun(TestRunner.java:848)
at org.testng.TestRunner.run(TestRunner.java:621)
at org.testng.SuiteRunner.runTest(SuiteRunner.java:443)
at org.testng.SuiteRunner.runSequentially(SuiteRunner.java:437)
at org.testng.SuiteRunner.privateRun(SuiteRunner.java:397)
at org.testng.SuiteRunner.run(SuiteRunner.java:336)
at org.testng.SuiteRunnerWorker.runSuite(SuiteRunnerWorker.java:52)
at org.testng.SuiteRunnerWorker.run(SuiteRunnerWorker.java:95)
at org.testng.TestNG.runSuitesSequentially(TestNG.java:1280)
at org.testng.TestNG.runSuitesLocally(TestNG.java:1200)
at org.testng.TestNG.runSuites(TestNG.java:1114)
at org.testng.TestNG.run(TestNG.java:1082)
at org.testng.remote.AbstractRemoteTestNG.run(AbstractRemoteTestNG.java:115)
at org.testng.remote.RemoteTestNG.initAndRun(RemoteTestNG.java:293)
at org.testng.remote.RemoteTestNG.main(RemoteTestNG.java:91)
]]>
    </error>
  </testcase> <!-- setup -->
  <testcase classname="testClass.LoginTest" name="loginTest" time="0.000">
    <skipped/>
  </testcase> <!-- loginTest -->
</testsuite> <!-- testClass.LoginTest -->
